<?xml version="1.0" encoding="UTF-8"?>
<!-- Generated by org.testng.reporters.JUnitReportReporter -->
<testsuite hostname="LAPTOP-IAG65HB2" failures="0" tests="1" name="SeleniumJavaProject.SeleniumJava.UserPassword" time="4.798" errors="0" timestamp="2023-04-07T23:17:32 IST" skipped="0">
  <testcase classname="SeleniumJavaProject.SeleniumJava.UserPassword" name="Useridnandpassword" time="4.798"/>
  <system-out/>
</testsuite> <!-- SeleniumJavaProject.SeleniumJava.UserPassword -->
