<?xml version="1.0" encoding="UTF-8"?>
<!-- Generated by org.testng.reporters.JUnitReportReporter -->
<testsuite hostname="LAPTOP-IAG65HB2" failures="0" tests="1" name="SeleniumJavaProject.SeleniumJava.Browserlaunch" time="7.564" errors="0" timestamp="2023-04-07T23:17:32 IST" skipped="0">
  <testcase classname="SeleniumJavaProject.SeleniumJava.Browserlaunch" name="handlebrowser" time="7.564"/>
  <system-out/>
</testsuite> <!-- SeleniumJavaProject.SeleniumJava.Browserlaunch -->
