<?xml version="1.0" encoding="UTF-8"?>
<!-- Generated by org.testng.reporters.JUnitReportReporter -->
<testsuite hostname="LAPTOP-IAG65HB2" failures="0" tests="1" name="SeleniumJavaProject.SeleniumJava.fbsignup" time="12.348" errors="0" timestamp="2023-04-07T23:17:32 IST" skipped="0">
  <testcase classname="SeleniumJavaProject.SeleniumJava.fbsignup" name="signuppage" time="12.348"/>
  <system-out/>
</testsuite> <!-- SeleniumJavaProject.SeleniumJava.fbsignup -->
