<?xml version="1.0" encoding="UTF-8"?>
<!-- Generated by org.testng.reporters.JUnitReportReporter -->
<testsuite hostname="LAPTOP-IAG65HB2" failures="0" tests="1" name="SeleniumJavaProject.SeleniumJava.Browserlaunch" time="5.309" errors="0" timestamp="2023-04-07T12:10:55 IST" skipped="0">
  <testcase classname="SeleniumJavaProject.SeleniumJava.Browserlaunch" name="handlebrowser" time="5.309"/>
  <system-out/>
</testsuite> <!-- SeleniumJavaProject.SeleniumJava.Browserlaunch -->
