<?xml version="1.0" encoding="UTF-8"?>
<!-- Generated by org.testng.reporters.JUnitReportReporter -->
<testsuite hostname="LAPTOP-IAG65HB2" failures="0" tests="1" name="SeleniumJavaProject.SeleniumJava.createnewaccount" time="11.495" errors="0" timestamp="2023-04-07T12:29:51 IST" skipped="0">
  <testcase classname="SeleniumJavaProject.SeleniumJava.createnewaccount" name="newaccount" time="11.495"/>
  <system-out/>
</testsuite> <!-- SeleniumJavaProject.SeleniumJava.createnewaccount -->
